<?xml version="1.0" encoding="UTF-8"?>
<testng-results ignored="0" total="1" passed="1" failed="0" skipped="0">
  <reporter-output>
  </reporter-output>
  <suite started-at="2025-10-05T14:33:07 IST" name="Default suite" finished-at="2025-10-05T14:33:28 IST" duration-ms="20711">
    <groups>
    </groups>
    <test started-at="2025-10-05T14:33:07 IST" name="Default test" finished-at="2025-10-05T14:33:28 IST" duration-ms="20711">
      <class name="Tutorial1.demo4">
        <test-method signature="login()[pri:1, instance:Tutorial1.demo4@175c2241]" started-at="2025-10-05T14:33:07 IST" name="login" finished-at="2025-10-05T14:33:28 IST" duration-ms="20632" status="PASS">
          <reporter-output>
          </reporter-output>
        </test-method> <!-- login -->
      </class> <!-- Tutorial1.demo4 -->
    </test> <!-- Default test -->
  </suite> <!-- Default suite -->
</testng-results>
